InnoDB: The first specified data file .\ibdata1 did not exist:
InnoDB: a new database to be created!
180202 18:28:14  InnoDB: Setting file .\ibdata1 size to 10 MB
InnoDB: Database physically writes the file full: wait...
180202 18:28:14  InnoDB: Log file .\ib_logfile0 did not exist: new to be created
InnoDB: Setting log file .\ib_logfile0 size to 10 MB
InnoDB: Database physically writes the file full: wait...
180202 18:28:15  InnoDB: Log file .\ib_logfile1 did not exist: new to be created
InnoDB: Setting log file .\ib_logfile1 size to 10 MB
InnoDB: Database physically writes the file full: wait...
InnoDB: Doublewrite buffer not found: creating new
InnoDB: Doublewrite buffer created
InnoDB: Creating foreign key constraint system tables
InnoDB: Foreign key constraint system tables created
180202 18:28:16  InnoDB: Started; log sequence number 0 0
180202 18:28:16 [Note] wampmysqld: ready for connections.
Version: '5.0.51b-community-nt'  socket: ''  port: 3306  MySQL Community Edition (GPL)
InnoDB: The log sequence number in ibdata files does not match
InnoDB: the log sequence number in the ib_logfiles!
180203  1:28:45  InnoDB: Database was not shut down normally!
InnoDB: Starting crash recovery.
InnoDB: Reading tablespace information from the .ibd files...
InnoDB: Restoring possible half-written data pages from the doublewrite
InnoDB: buffer...
180203  1:28:45  InnoDB: Started; log sequence number 0 43655
180203  1:28:46 [Note] wampmysqld: ready for connections.
Version: '5.0.51b-community-nt'  socket: ''  port: 3306  MySQL Community Edition (GPL)
180203  1:40:55 [Note] wampmysqld: Normal shutdown

180203  1:40:55  InnoDB: Starting shutdown...
180203  1:40:57  InnoDB: Shutdown completed; log sequence number 0 43655
180203  1:40:57 [Note] wampmysqld: Shutdown complete

180203  1:40:58  InnoDB: Started; log sequence number 0 43655
180203  1:40:58 [Note] wampmysqld: ready for connections.
Version: '5.0.51b-community-nt'  socket: ''  port: 3306  MySQL Community Edition (GPL)
